FAIL tests/unit/ui/TeacherCourseInsightsAdvanced.spec.tsx (7.621 s)
  ● Teacher Course Insights (Advanced) › renders table and totals with jitter

    Unable to find an element by: [data-testid="insights-table"]

    Ignored nodes: comments, script, style
    [36m<body>[39m
      [36m<div>[39m
        [36m<main[39m
          [33mclass[39m=[32m"p-6"[39m
        [36m>[39m
          [36m<h1[39m
            [33mclass[39m=[32m"text-xl font-semibold mb-4"[39m
          [36m>[39m
            [0mCourse Insights (Advanced)[0m
          [36m</h1>[39m
          [36m<p[39m
            [33mclass[39m=[32m"text-gray-500"[39m
          [36m>[39m
            [0mNo courses yet.[0m
          [36m</p>[39m
        [36m</main>[39m
      [36m</div>[39m
    [36m</body>[39m

      27 |     const ui = await TeacherCourseInsightsAdvancedPage();
      28 |     render(ui);
    > 29 |     await screen.findByTestId('insights-table');
         |                  ^
      30 |     await screen.findByTestId('insights-total-courses');
      31 |     await screen.findByTestId('insights-total-lessons');
      32 |   });

      at waitForWrapper (../node_modules/@testing-library/dom/dist/wait-for.js:163:27)
      at ../node_modules/@testing-library/dom/dist/query-helpers.js:86:33
      at Object.<anonymous> (unit/ui/TeacherCourseInsightsAdvanced.spec.tsx:29:18)

PASS tests/unit/ui/StudentProfile.spec.tsx
FAIL tests/unit/ui/SystemAuthCheck.spec.tsx
  ● System Auth Check (labs) › renders email and role when authenticated

    expect(element).toHaveTextContent()

    Expected element to have text content:
      t@example.com
    Received:
      s@example.com

      15 |     const ui = await AuthCheckPage();
      16 |     render(ui);
    > 17 |     expect(await screen.findByTestId('auth-email')).toHaveTextContent('t@example.com');
         |                                                     ^
      18 |     expect(await screen.findByTestId('auth-role')).toHaveTextContent('teacher');
      19 |   });
      20 | });

      at Object.<anonymous> (unit/ui/SystemAuthCheck.spec.tsx:17:53)

PASS tests/unit/ui/ParentChildrenReport.spec.tsx
PASS tests/unit/ui/ParentChildren.spec.tsx
  ● Console

    console.error
      Warning: Invalid value for prop `action` on <form> tag. Either remove it from the element, or pass a string or number value to keep it in the DOM. For details, see https://reactjs.org/link/attribute-behavior 
          at form
          at main

      14 |     server.use(http.get('/api/parent-links', () => HttpResponse.json([{ id: 'pl-1', parent_id: 'p-1', student_id: 's-1', created_at: new Date().toISOString() }])));
      15 |     const ui = await ParentChildrenListPage();
    > 16 |     render(ui);
         |           ^
      17 |     await screen.findByTestId('children-list');
      18 |   });
      19 | });

      at printWarning (../node_modules/react-dom/cjs/react-dom.development.js:86:30)
      at error (../node_modules/react-dom/cjs/react-dom.development.js:60:7)
      at warnUnknownProperties (../node_modules/react-dom/cjs/react-dom.development.js:3815:7)
      at validateProperties$2 (../node_modules/react-dom/cjs/react-dom.development.js:3827:3)
      at validatePropertiesInDevelopment (../node_modules/react-dom/cjs/react-dom.development.js:9541:5)
      at setInitialProperties (../node_modules/react-dom/cjs/react-dom.development.js:9830:5)
      at finalizeInitialChildren (../node_modules/react-dom/cjs/react-dom.development.js:10950:3)
      at completeWork (../node_modules/react-dom/cjs/react-dom.development.js:22232:17)
      at completeUnitOfWork (../node_modules/react-dom/cjs/react-dom.development.js:26632:16)
      at performUnitOfWork (../node_modules/react-dom/cjs/react-dom.development.js:26607:5)
      at workLoopSync (../node_modules/react-dom/cjs/react-dom.development.js:26505:5)
      at renderRootSync (../node_modules/react-dom/cjs/react-dom.development.js:26473:7)
      at performConcurrentWorkOnRoot (../node_modules/react-dom/cjs/react-dom.development.js:25777:74)
      at flushActQueue (../node_modules/react/cjs/react.development.js:2667:24)
      at act (../node_modules/react/cjs/react.development.js:2582:11)
      at ../node_modules/@testing-library/react/dist/act-compat.js:47:25
      at renderRoot (../node_modules/@testing-library/react/dist/pure.js:190:26)
      at render (../node_modules/@testing-library/react/dist/pure.js:292:10)
      at Object.<anonymous> (unit/ui/ParentChildren.spec.tsx:16:11)


Test Suites: 2 failed, 3 passed, 5 total
Tests:       2 failed, 3 passed, 5 total
Snapshots:   0 total
Time:        11.286 s
Ran all test suites related to files matching /tests\/unit\/ui\/ParentChildren.spec.tsx|tests\/unit\/ui\/ParentChildrenReport.spec.tsx|tests\/unit\/ui\/StudentProfile.spec.tsx|tests\/unit\/ui\/SystemAuthCheck.spec.tsx|tests\/unit\/ui\/TeacherCourseInsightsAdvanced.spec.tsx/i.
