PASS tests/unit/ui/SystemHealthHistory.spec.tsx (6.373 s)
PASS tests/unit/ui/SystemUptimeTile.spec.tsx
FAIL tests/unit/ui/SystemRoleBadge.spec.tsx
  ● System Role Badge (labs) › renders role and test mode

    expect(element).toHaveTextContent()

    Expected element to have text content:
      teacher
    Received:
      undefined

      15 |     const ui = await SystemRoleBadgePage();
      16 |     render(ui);
    > 17 |     expect(await screen.findByTestId('role-value')).toHaveTextContent('teacher');
         |                                                     ^
      18 |     expect(await screen.findByTestId('test-mode-value')).toHaveTextContent('true');
      19 |   });
      20 | });

      at Object.<anonymous> (unit/ui/SystemRoleBadge.spec.tsx:17:53)

Test Suites: 1 failed, 2 passed, 3 total
Tests:       1 failed, 2 passed, 3 total
Snapshots:   0 total
Time:        8.402 s
Ran all test suites related to files matching /tests\/unit\/ui\/SystemHealthHistory.spec.tsx|tests\/unit\/ui\/SystemUptimeTile.spec.tsx|tests\/unit\/ui\/SystemRoleBadge.spec.tsx/i.
