  console.debug
    [serverFetch] 404 /api/courses 6ms

      at serverFetch (../apps/web/src/lib/serverFetch.ts:90:13)

  console.debug
    [serverFetch] 404 /api/courses 4ms

      at serverFetch (../apps/web/src/lib/serverFetch.ts:90:13)

  console.debug
    [serverFetch] 404 /api/lessons?course_id=00000000-0000-0000-0000-0000000000c1 5ms

      at serverFetch (../apps/web/src/lib/serverFetch.ts:90:13)

  console.debug
    [serverFetch] 404 /api/lessons?course_id=00000000-0000-0000-0000-0000000000c1 5ms

      at serverFetch (../apps/web/src/lib/serverFetch.ts:90:13)

PASS tests/unit/ui/TeacherCourseInsightsAdvanced.spec.tsx (6.32 s)
  Teacher Course Insights (Advanced)
    ✓ renders table and totals with jitter (72 ms)

Test Suites: 1 passed, 1 total
Tests:       1 passed, 1 total
Snapshots:   0 total
Time:        6.575 s
Ran all test suites related to files matching /tests\/unit\/ui\/TeacherCourseInsightsAdvanced.spec.tsx/i.
