FAIL tests/unit/ui/TeacherCourseInsightsAdvanced.spec.tsx (7.408 s)
  ● Teacher Course Insights (Advanced) › renders table and totals with jitter

    Unable to find an element by: [data-testid="insights-table"]

    Ignored nodes: comments, script, style
    [36m<body>[39m
      [36m<div>[39m
        [36m<main[39m
          [33mclass[39m=[32m"p-6"[39m
        [36m>[39m
          [36m<h1[39m
            [33mclass[39m=[32m"text-xl font-semibold mb-4"[39m
          [36m>[39m
            [0mCourse Insights (Advanced)[0m
          [36m</h1>[39m
          [36m<p[39m
            [33mclass[39m=[32m"text-gray-500"[39m
          [36m>[39m
            [0mNo courses yet.[0m
          [36m</p>[39m
        [36m</main>[39m
      [36m</div>[39m
    [36m</body>[39m

      27 |     const ui = await TeacherCourseInsightsAdvancedPage();
      28 |     render(ui);
    > 29 |     await screen.findByTestId('insights-table');
         |                  ^
      30 |     await screen.findByTestId('insights-total-courses');
      31 |     await screen.findByTestId('insights-total-lessons');
      32 |   });

      at waitForWrapper (../node_modules/@testing-library/dom/dist/wait-for.js:163:27)
      at ../node_modules/@testing-library/dom/dist/query-helpers.js:86:33
      at Object.<anonymous> (unit/ui/TeacherCourseInsightsAdvanced.spec.tsx:29:18)

PASS tests/unit/ui/SystemAuthCheck.spec.tsx
  ● Console

    console.debug
      [serverFetch] 404 /api/user/profile 7ms

      at serverFetch (../apps/web/src/lib/serverFetch.ts:90:13)


Test Suites: 1 failed, 1 passed, 2 total
Tests:       1 failed, 1 passed, 2 total
Snapshots:   0 total
Time:        8.988 s
Ran all test suites related to files matching /tests\/unit\/ui\/SystemAuthCheck.spec.tsx|tests\/unit\/ui\/TeacherCourseInsightsAdvanced.spec.tsx/i.
