  console.debug
    [serverFetch] 404 /api/user/profile 6ms

      at serverFetch (../apps/web/src/lib/serverFetch.ts:90:13)

FAIL tests/unit/ui/SystemAuthCheck.spec.tsx (5.145 s)
  System Auth Check (labs)
    ✕ renders email and role when authenticated (62 ms)

  ● System Auth Check (labs) › renders email and role when authenticated

    expect(element).toHaveTextContent()

    Expected element to have text content:
      t@example.com
    Received:
      s@example.com

      15 |     const ui = await AuthCheckPage();
      16 |     render(ui);
    > 17 |     expect(await screen.findByTestId('auth-email')).toHaveTextContent('t@example.com');
         |                                                     ^
      18 |     expect(await screen.findByTestId('auth-role')).toHaveTextContent('teacher');
      19 |   });
      20 | });

      at Object.<anonymous> (unit/ui/SystemAuthCheck.spec.tsx:17:53)

Test Suites: 1 failed, 1 total
Tests:       1 failed, 1 total
Snapshots:   0 total
Time:        5.397 s
Ran all test suites related to files matching /tests\/unit\/ui\/SystemAuthCheck.spec.tsx/i.
