 тип Failed to start server
Error: listen EADDRINUSE: address already in use :::3022
    at Server.setupListenHandle [as _listen2] (node:net:1940:16)
    at listenInCluster (node:net:1997:12)
    at Server.listen (node:net:2102:7)
    at C:\Users\agafn\Desktop\education system 5\apps\web\node_modules\next\dist\server\lib\start-server.js:280:16
    at new Promise (<anonymous>)
    at startServer (C:\Users\agafn\Desktop\education system 5\apps\web\node_modules\next\dist\server\lib\start-server.js:191:11)
    at Module.nextStart (C:\Users\agafn\Desktop\education system 5\apps\web\node_modules\next\dist\cli\next-start.js:25:40)
    at C:\Users\agafn\Desktop\education system 5\apps\web\node_modules\next\dist\bin\next:105:856 {
  code: 'EADDRINUSE',
  errno: -4091,
  syscall: 'listen',
  address: '::',
  port: 3022
}
npm error Lifecycle script `start` failed with error:
npm error code 1
npm error path C:\Users\agafn\Desktop\education system 5\apps\web
npm error workspace web@0.1.0
npm error location C:\Users\agafn\Desktop\education system 5\apps\web
npm error command failed
npm error command C:\Windows\system32\cmd.exe /d /s /c next start
